<?xml version="1.0" encoding="UTF-8"?>
<!-- Generated by org.testng.reporters.JUnitReportReporter -->
<testsuite hostname="Sumanta-PC" name="com.qeateam.aws.testngAWS.AppTestNG" tests="1" failures="0" timestamp="28 Jun 2017 08:38:05 GMT" time="100.169" errors="0">
  <testcase name="validateLogin" time="100.169" classname="com.qeateam.aws.testngAWS.AppTestNG"/>
</testsuite> <!-- com.qeateam.aws.testngAWS.AppTestNG -->
