<?xml version="1.0" encoding="UTF-8"?>
<!-- Generated by org.testng.reporters.JUnitReportReporter -->
<testsuite hostname="Sumanta-PC" name="com.qeateam.aws.testngAWS.AppTestNG" tests="1" failures="0" timestamp="28 Jun 2017 09:42:27 GMT" time="62.281" errors="0">
  <testcase name="validateLogin" time="62.281" classname="com.qeateam.aws.testngAWS.AppTestNG"/>
</testsuite> <!-- com.qeateam.aws.testngAWS.AppTestNG -->
