<?xml version="1.0" encoding="UTF-8"?>
<!-- Generated by org.testng.reporters.JUnitReportReporter -->
<testsuite hostname="Sumanta-PC" name="com.qeateam.aws.testngAWS.AppTestNG" tests="1" failures="0" timestamp="28 Jun 2017 09:27:54 GMT" time="60.085" errors="0">
  <testcase name="validateLogin" time="60.085" classname="com.qeateam.aws.testngAWS.AppTestNG"/>
</testsuite> <!-- com.qeateam.aws.testngAWS.AppTestNG -->
